<installation datetime="201106231242">
   <serialNumbers>
      <serialNumber>CodeProServer-00000-0000</serialNumber>
      <serialNumber>Profiler-00000-0000</serialNumber>
      <serialNumber>RCPDeveloper-00000-0000</serialNumber>
      <serialNumber>WindowBuilderPro-00000-0000</serialNumber>
      <serialNumber>WindowTesterPro-00000-0000</serialNumber>
   </serialNumbers>
   <activationKeys>
      <activationKey>CodeProServer-PD0WB-KM18W-1UXKZ</activationKey>
      <activationKey>Profiler-PD0WB-KM0Z6-01SR4</activationKey>
      <activationKey>RCPDeveloper-PD0WB-KM0N0-G2U32</activationKey>
      <activationKey>WindowBuilderPro-PD0WB-KM07V-Q9P5H</activationKey>
      <activationKey>WindowTesterPro-PD0WB-KM03Y-7UGPM</activationKey>
   </activationKeys>
   <products>
      <product name="Code Coverage"                installed="true"  fullyEnabled="true"  build="201009131451" />
      <product name="CodePro AnalytiX"             installed="true"  fullyEnabled="true"  build="201009141323" />
      <product name="CodePro Analytix and PlusPak" installed="true"  fullyEnabled="true"  build="201009141310" />
      <product name="CodePro PlusPak"              installed="false" fullyEnabled="false" build="UNKNOWN" />
      <product name="CodePro Profiler"             installed="false" fullyEnabled="true"  build="UNKNOWN" />
      <product name="CodePro Server"               installed="false" fullyEnabled="true"  build="UNKNOWN" />
      <product name="EclipsePro Audit"             installed="false" fullyEnabled="false" build="UNKNOWN" />
      <product name="EclipsePro Test"              installed="true"  fullyEnabled="true"  build="201009141323" />
      <product name="GWT Designer"                 installed="false" fullyEnabled="false" build="UNKNOWN" />
      <product name="Help Composer"                installed="false" fullyEnabled="false" build="UNKNOWN" />
      <product name="RCP Developer"                installed="false" fullyEnabled="true"  build="UNKNOWN" />
      <product name="RCP Packager"                 installed="false" fullyEnabled="false" build="UNKNOWN" />
      <product name="RIM Designer"                 installed="false" fullyEnabled="true"  build="UNKNOWN" />
      <product name="SWT Designer"                 installed="false" fullyEnabled="false" build="UNKNOWN" />
      <product name="Shared"                       installed="true"  fullyEnabled="true"  build="201009131414" />
      <product name="Swing Designer"               installed="false" fullyEnabled="false" build="UNKNOWN" />
      <product name="WindowBuilder"                installed="false" fullyEnabled="true"  build="UNKNOWN" />
      <product name="WindowTester Pro"             installed="false" fullyEnabled="true"  build="UNKNOWN" />
      <product name="WindowTester Runner"          installed="false" fullyEnabled="false" build="UNKNOWN" />
      <product name="WindowTester SWT"             installed="false" fullyEnabled="false" build="UNKNOWN" />
      <product name="WindowTester SWT Runner"      installed="false" fullyEnabled="false" build="UNKNOWN" />
      <product name="WindowTester Swing"           installed="false" fullyEnabled="false" build="UNKNOWN" />
      <product name="WindowTester Swing Runner"    installed="false" fullyEnabled="false" build="UNKNOWN" />
   </products>
</installation>
